{"/Users/bomac/Desktop/QImenAPP/src/app/types.ts": {"path":"/Users/bomac/Desktop/QImenAPP/src/app/types.ts","statementMap":{"0":{"start":{"line":31,"column":13},"end":{"line":41,"column":null}},"1":{"start":{"line":49,"column":13},"end":{"line":55,"column":null}},"2":{"start":{"line":62,"column":13},"end":{"line":71,"column":null}},"3":{"start":{"line":77,"column":13},"end":{"line":86,"column":null}},"4":{"start":{"line":90,"column":13},"end":{"line":95,"column":null}}},"fnMap":{},"branchMap":{},"s":{"0":1,"1":1,"2":1,"3":1,"4":1},"f":{},"b":{}}
,"/Users/bomac/Desktop/QImenAPP/src/app/palaces/threePalaceCalculator.ts": {"path":"/Users/bomac/Desktop/QImenAPP/src/app/palaces/threePalaceCalculator.ts","statementMap":{"0":{"start":{"line":10,"column":0},"end":{"line":10,"column":16}},"1":{"start":{"line":16,"column":0},"end":{"line":16,"column":16}},"2":{"start":{"line":29,"column":0},"end":{"line":29,"column":16}},"3":{"start":{"line":40,"column":0},"end":{"line":40,"column":16}},"4":{"start":{"line":44,"column":0},"end":{"line":44,"column":16}},"5":{"start":{"line":51,"column":0},"end":{"line":51,"column":16}},"6":{"start":{"line":2,"column":0},"end":{"line":2,"column":57}},"7":{"start":{"line":4,"column":30},"end":{"line":4,"column":80}},"8":{"start":{"line":7,"column":14},"end":{"line":7,"column":46}},"9":{"start":{"line":8,"column":19},"end":{"line":8,"column":27}},"10":{"start":{"line":11,"column":25},"end":{"line":11,"column":74}},"11":{"start":{"line":12,"column":20},"end":{"line":12,"column":53}},"12":{"start":{"line":13,"column":2},"end":{"line":13,"column":null}},"13":{"start":{"line":18,"column":20},"end":{"line":18,"column":47}},"14":{"start":{"line":19,"column":2},"end":{"line":19,"column":null}},"15":{"start":{"line":31,"column":21},"end":{"line":31,"column":52}},"16":{"start":{"line":32,"column":14},"end":{"line":32,"column":64}},"17":{"start":{"line":32,"column":47},"end":{"line":32,"column":63}},"18":{"start":{"line":33,"column":2},"end":{"line":36,"column":3}},"19":{"start":{"line":35,"column":4},"end":{"line":35,"column":null}},"20":{"start":{"line":37,"column":2},"end":{"line":37,"column":null}},"21":{"start":{"line":41,"column":2},"end":{"line":41,"column":null}},"22":{"start":{"line":46,"column":14},"end":{"line":46,"column":54}},"23":{"start":{"line":46,"column":43},"end":{"line":46,"column":53}},"24":{"start":{"line":47,"column":23},"end":{"line":47,"column":67}},"25":{"start":{"line":48,"column":2},"end":{"line":48,"column":null}},"26":{"start":{"line":55,"column":18},"end":{"line":55,"column":39}},"27":{"start":{"line":56,"column":30},"end":{"line":56,"column":68}},"28":{"start":{"line":57,"column":22},"end":{"line":57,"column":69}},"29":{"start":{"line":58,"column":34},"end":{"line":58,"column":61}},"30":{"start":{"line":60,"column":2},"end":{"line":67,"column":null}}},"fnMap":{"0":{"name":"getDayStem","decl":{"start":{"line":10,"column":16},"end":{"line":10,"column":26}},"loc":{"start":{"line":10,"column":37},"end":{"line":14,"column":1}}},"1":{"name":"isYangYear","decl":{"start":{"line":16,"column":16},"end":{"line":16,"column":26}},"loc":{"start":{"line":16,"column":39},"end":{"line":20,"column":1}}},"2":{"name":"findDestinyPalace","decl":{"start":{"line":29,"column":16},"end":{"line":29,"column":33}},"loc":{"start":{"line":29,"column":75},"end":{"line":38,"column":1}}},"3":{"name":"(anonymous_3)","decl":{"start":{"line":32,"column":42},"end":{"line":32,"column":43}},"loc":{"start":{"line":32,"column":47},"end":{"line":32,"column":63}}},"4":{"name":"findDoorPalace","decl":{"start":{"line":40,"column":16},"end":{"line":40,"column":30}},"loc":{"start":{"line":40,"column":83},"end":{"line":42,"column":1}}},"5":{"name":"findDeityPalace","decl":{"start":{"line":44,"column":16},"end":{"line":44,"column":31}},"loc":{"start":{"line":44,"column":50},"end":{"line":49,"column":1}}},"6":{"name":"(anonymous_6)","decl":{"start":{"line":46,"column":38},"end":{"line":46,"column":39}},"loc":{"start":{"line":46,"column":43},"end":{"line":46,"column":53}}},"7":{"name":"buildThreePalaces","decl":{"start":{"line":51,"column":16},"end":{"line":51,"column":33}},"loc":{"start":{"line":53,"column":25},"end":{"line":68,"column":1}}}},"branchMap":{"0":{"loc":{"start":{"line":31,"column":21},"end":{"line":31,"column":52}},"type":"cond-expr","locations":[{"start":{"line":31,"column":39},"end":{"line":31,"column":42}},{"start":{"line":31,"column":45},"end":{"line":31,"column":52}}]},"1":{"loc":{"start":{"line":33,"column":2},"end":{"line":36,"column":3}},"type":"if","locations":[{"start":{"line":33,"column":2},"end":{"line":36,"column":3}}]},"2":{"loc":{"start":{"line":47,"column":23},"end":{"line":47,"column":67}},"type":"cond-expr","locations":[{"start":{"line":47,"column":36},"end":{"line":47,"column":37}},{"start":{"line":47,"column":42},"end":{"line":47,"column":49}}]},"3":{"loc":{"start":{"line":48,"column":46},"end":{"line":48,"column":66}},"type":"cond-expr","locations":[{"start":{"line":48,"column":59},"end":{"line":48,"column":60}},{"start":{"line":48,"column":63},"end":{"line":48,"column":66}}]}},"s":{"0":1,"1":1,"2":1,"3":1,"4":1,"5":1,"6":1,"7":1,"8":1,"9":1,"10":3,"11":3,"12":3,"13":2,"14":2,"15":3,"16":3,"17":9,"18":3,"19":0,"20":3,"21":1,"22":1,"23":1,"24":1,"25":1,"26":1,"27":1,"28":1,"29":1,"30":1},"f":{"0":3,"1":2,"2":3,"3":9,"4":1,"5":1,"6":1,"7":1},"b":{"0":[1,2],"1":[0],"2":[0,1],"3":[0,1]}}
}
