TN:
SF:src/app/types.ts
FNF:0
FNH:0
DA:31,1
DA:49,1
DA:62,1
DA:77,1
DA:90,1
LF:5
LH:5
BRF:0
BRH:0
end_of_record
TN:
SF:src/app/palaces/threePalaceCalculator.ts
FN:10,getDayStem
FN:16,isYangYear
FN:29,findDestinyPalace
FN:32,(anonymous_3)
FN:40,findDoorPalace
FN:44,findDeityPalace
FN:46,(anonymous_6)
FN:51,buildThreePalaces
FNF:8
FNH:8
FNDA:3,getDayStem
FNDA:2,isYangYear
FNDA:3,findDestinyPalace
FNDA:9,(anonymous_3)
FNDA:1,findDoorPalace
FNDA:1,findDeityPalace
FNDA:1,(anonymous_6)
FNDA:1,buildThreePalaces
DA:2,1
DA:4,1
DA:7,1
DA:8,1
DA:10,1
DA:11,3
DA:12,3
DA:13,3
DA:16,1
DA:18,2
DA:19,2
DA:29,1
DA:31,3
DA:32,9
DA:33,3
DA:35,0
DA:37,3
DA:40,1
DA:41,1
DA:44,1
DA:46,1
DA:47,1
DA:48,1
DA:51,1
DA:55,1
DA:56,1
DA:57,1
DA:58,1
DA:60,1
LF:29
LH:28
BRDA:31,0,0,1
BRDA:31,0,1,2
BRDA:33,1,0,0
BRDA:47,2,0,0
BRDA:47,2,1,1
BRDA:48,3,0,0
BRDA:48,3,1,1
BRF:7
BRH:4
end_of_record
